\BOOKMARK [1][-]{section.1}{Introduction}{}% 1
\BOOKMARK [2][-]{subsection.1.1}{Database\040Design}{section.1}% 2
\BOOKMARK [1][-]{section.2}{Objectives}{}% 3
\BOOKMARK [2][-]{subsection.2.1}{Introduction\040to\040Spectrum\040Analyzers}{section.2}% 4
\BOOKMARK [3][-]{subsubsection.2.1.1}{Sine,\040Square,\040and\040Triangle\040Waves}{subsection.2.1}% 5
\BOOKMARK [3][-]{subsubsection.2.1.2}{Summer\040Module}{subsection.2.1}% 6
\BOOKMARK [3][-]{subsubsection.2.1.3}{Multiplier\040Module}{subsection.2.1}% 7
\BOOKMARK [3][-]{subsubsection.2.1.4}{Buried\040Treasure\040Module}{subsection.2.1}% 8
\BOOKMARK [2][-]{subsection.2.2}{LRC\040Filter}{section.2}% 9
\BOOKMARK [3][-]{subsubsection.2.2.1}{Single\040Frequency\040Drive}{subsection.2.2}% 10
\BOOKMARK [3][-]{subsubsection.2.2.2}{Noise\040Drive}{subsection.2.2}% 11
\BOOKMARK [3][-]{subsubsection.2.2.3}{Chirp\040Drive}{subsection.2.2}% 12
\BOOKMARK [3][-]{subsubsection.2.2.4}{Transient\040Response}{subsection.2.2}% 13
\BOOKMARK [2][-]{subsection.2.3}{Acoustical\040Cavity}{section.2}% 14
\BOOKMARK [3][-]{subsubsection.2.3.1}{Single\040Frequency\040Drive}{subsection.2.3}% 15
\BOOKMARK [3][-]{subsubsection.2.3.2}{Noise\040Drive}{subsection.2.3}% 16
\BOOKMARK [3][-]{subsubsection.2.3.3}{Chirp\040Drive}{subsection.2.3}% 17
\BOOKMARK [3][-]{subsubsection.2.3.4}{Transient\040Response}{subsection.2.3}% 18
\BOOKMARK [2][-]{subsection.2.4}{Coupled\040Torsional\040Reed\040Oscillators}{section.2}% 19
\BOOKMARK [1][-]{section.3}{Questions}{}% 20
\BOOKMARK [2][-]{subsection.3.1}{SR770\040Normalization}{section.3}% 21
\BOOKMARK [2][-]{subsection.3.2}{Time\040Domain\040Usefulness}{section.3}% 22
\BOOKMARK [1][-]{section.4}{Code\040Appendix}{}% 23
\BOOKMARK [2][-]{subsection.4.1}{Measurement\040Class}{section.4}% 24
\BOOKMARK [2][-]{subsection.4.2}{Model\040Class}{section.4}% 25
