This is XeTeX, Version 3.14159265-2.6-0.99992 (TeX Live 2015/Debian) (preloaded format=xelatex 2018.2.8)  19 MAR 2018 23:03
entering extended mode
 \write18 enabled.
 %&-line parsing enabled.
**report.tex
(./report.tex
LaTeX2e <2016/02/01>
Babel <3.9q> and hyphenation patterns for 81 language(s) loaded.
(/usr/share/texlive/texmf-dist/tex/latex/base/article.cls
Document Class: article 2014/09/29 v1.4h Standard LaTeX document class
(/usr/share/texlive/texmf-dist/tex/latex/base/size10.clo
File: size10.clo 2014/09/29 v1.4h Standard LaTeX file (size option)
)
\c@part=\count79
\c@section=\count80
\c@subsection=\count81
\c@subsubsection=\count82
\c@paragraph=\count83
\c@subparagraph=\count84
\c@figure=\count85
\c@table=\count86
\abovecaptionskip=\skip41
\belowcaptionskip=\skip42
\bibindent=\dimen102
)
(/usr/share/texlive/texmf-dist/tex/latex/mhchem/mhchem.sty
Package: mhchem 2016/02/07 v4.04 for typesetting chemical formulae

(/usr/share/texlive/texmf-dist/tex/latex/l3kernel/expl3.sty
Package: expl3 2016/01/19 v6377 L3 programming layer (loader) 

(/usr/share/texlive/texmf-dist/tex/latex/l3kernel/expl3-code.tex
Package: expl3 2016/01/19 v6377 L3 programming layer (code)
L3 Module: l3bootstrap 2016/01/01 v6339 L3 Bootstrap code
L3 Module: l3names 2015/12/21 v6328 L3 Namespace for primitives
L3 Module: l3basics 2015/11/22 v6315 L3 Basic definitions
L3 Module: l3expan 2015/09/10 v5983 L3 Argument expansion
L3 Module: l3tl 2015/09/29 v6121 L3 Token lists
L3 Module: l3str 2016/01/03 v6357 L3 Strings
L3 Module: l3seq 2015/08/05 v5777 L3 Sequences and stacks
L3 Module: l3int 2016/01/05 v6366 L3 Integers
\c_max_int=\count87
\l_tmpa_int=\count88
\l_tmpb_int=\count89
\g_tmpa_int=\count90
\g_tmpb_int=\count91
L3 Module: l3quark 2015/08/17 v5855 L3 Quarks
L3 Module: l3prg 2015/11/01 v6216 L3 Control structures
\g__prg_map_int=\count92
L3 Module: l3clist 2015/09/02 v5901 L3 Comma separated lists
L3 Module: l3token 2015/11/11 v6249 L3 Experimental token manipulation
L3 Module: l3prop 2016/01/05 v6366 L3 Property lists
L3 Module: l3msg 2015/09/28 v6113 L3 Messages
L3 Module: l3file 2015/12/03 v6317 L3 File and I/O operations
\l_iow_line_count_int=\count93
\l__iow_target_count_int=\count94
\l__iow_current_line_int=\count95
\l__iow_current_word_int=\count96
\l__iow_current_indentation_int=\count97
L3 Module: l3skip 2016/01/05 v6366 L3 Dimensions and skips
\c_zero_dim=\dimen103
\c_max_dim=\dimen104
\l_tmpa_dim=\dimen105
\l_tmpb_dim=\dimen106
\g_tmpa_dim=\dimen107
\g_tmpb_dim=\dimen108
\c_zero_skip=\skip43
\c_max_skip=\skip44
\l_tmpa_skip=\skip45
\l_tmpb_skip=\skip46
\g_tmpa_skip=\skip47
\g_tmpb_skip=\skip48
\c_zero_muskip=\muskip10
\c_max_muskip=\muskip11
\l_tmpa_muskip=\muskip12
\l_tmpb_muskip=\muskip13
\g_tmpa_muskip=\muskip14
\g_tmpb_muskip=\muskip15
L3 Module: l3keys 2015/11/17 v6284 L3 Key-value interfaces
\g__keyval_level_int=\count98
\l_keys_choice_int=\count99
L3 Module: l3fp 2015/08/25 v5890 L3 Floating points
\c__fp_leading_shift_int=\count100
\c__fp_middle_shift_int=\count101
\c__fp_trailing_shift_int=\count102
\c__fp_big_leading_shift_int=\count103
\c__fp_big_middle_shift_int=\count104
\c__fp_big_trailing_shift_int=\count105
\c__fp_Bigg_leading_shift_int=\count106
\c__fp_Bigg_middle_shift_int=\count107
\c__fp_Bigg_trailing_shift_int=\count108
L3 Module: l3box 2015/08/09 v5822 L3 Experimental boxes
\c_empty_box=\box26
\l_tmpa_box=\box27
\l_tmpb_box=\box28
\g_tmpa_box=\box29
\g_tmpb_box=\box30
L3 Module: l3coffins 2015/08/06 v5789 L3 Coffin code layer
\l__coffin_internal_box=\box31
\l__coffin_internal_dim=\dimen109
\l__coffin_offset_x_dim=\dimen110
\l__coffin_offset_y_dim=\dimen111
\l__coffin_x_dim=\dimen112
\l__coffin_y_dim=\dimen113
\l__coffin_x_prime_dim=\dimen114
\l__coffin_y_prime_dim=\dimen115
\c_empty_coffin=\box32
\l__coffin_aligned_coffin=\box33
\l__coffin_aligned_internal_coffin=\box34
\l_tmpa_coffin=\box35
\l_tmpb_coffin=\box36
\l__coffin_display_coffin=\box37
\l__coffin_display_coord_coffin=\box38
\l__coffin_display_pole_coffin=\box39
\l__coffin_display_offset_dim=\dimen116
\l__coffin_display_x_dim=\dimen117
\l__coffin_display_y_dim=\dimen118
L3 Module: l3color 2014/08/23 v5354 L3 Experimental color support
L3 Module: l3sys 2015/09/25 v6087 L3 Experimental system/runtime functions
L3 Module: l3candidates 2016/01/14 v6376 L3 Experimental additions to l3kernel
\l__box_top_dim=\dimen119
\l__box_bottom_dim=\dimen120
\l__box_left_dim=\dimen121
\l__box_right_dim=\dimen122
\l__box_top_new_dim=\dimen123
\l__box_bottom_new_dim=\dimen124
\l__box_left_new_dim=\dimen125
\l__box_right_new_dim=\dimen126
\l__box_internal_box=\box40
\l__coffin_bounding_shift_dim=\dimen127
\l__coffin_left_corner_dim=\dimen128
\l__coffin_right_corner_dim=\dimen129
\l__coffin_bottom_corner_dim=\dimen130
\l__coffin_top_corner_dim=\dimen131
\l__coffin_scaled_total_height_dim=\dimen132
\l__coffin_scaled_width_dim=\dimen133
L3 Module: l3luatex 2015/11/11 v6250 L3 Experimental LuaTeX-specific functions
)
(/usr/share/texlive/texmf-dist/tex/latex/l3kernel/l3xdvipdfmx.def
File: l3xdvidpfmx.def 2015/11/11 v6250 L3 Experimental driver: xdvipdfmx
))
(/usr/share/texlive/texmf-dist/tex/latex/l3packages/l3keys2e/l3keys2e.sty
Package: l3keys2e 2016/01/19 v6377 LaTeX2e option processing using LaTeX3 keys
)
(/usr/share/texlive/texmf-dist/tex/latex/l3experimental/l3str/l3regex.sty
Package: l3regex 2016/01/19 v6377 L3 Experimental regular expressions

(/usr/share/texlive/texmf-dist/tex/latex/l3experimental/l3str/l3tl-build.sty
Package: l3tl-build 2016/01/19 v6377 L3 Experimental token list construction
\l__tl_build_start_index_int=\count109
\l__tl_build_index_int=\count110
)
(/usr/share/texlive/texmf-dist/tex/latex/l3experimental/l3str/l3tl-analysis.sty
Package: l3tl-analysis 2015/11/09 v6244 L3 Experimental token lists analysis
\l__tl_analysis_normal_int=\count111
\l__tl_analysis_index_int=\count112
\l__tl_analysis_nesting_int=\count113
\l__tl_analysis_type_int=\count114
) (/usr/share/texlive/texmf-dist/tex/latex/l3experimental/l3str/l3flag.sty
Package: l3flag 2016/01/19 v6377 L3 Experimental flags
)
(/usr/share/texlive/texmf-dist/tex/latex/l3experimental/l3str/l3str-convert.sty
Package: l3str-convert 2015/09/26 v6106 L3 Experimental string encoding convers
ions
\l__str_internal_int=\count115
)
\l__regex_internal_a_int=\count116
\l__regex_internal_b_int=\count117
\l__regex_internal_c_int=\count118
\l__regex_balance_int=\count119
\l__regex_group_level_int=\count120
\l__regex_mode_int=\count121
\l__regex_catcodes_int=\count122
\l__regex_default_catcodes_int=\count123
\c__regex_catcode_L_int=\count124
\c__regex_catcode_O_int=\count125
\c__regex_catcode_A_int=\count126
\c__regex_all_catcodes_int=\count127
\l__regex_show_lines_int=\count128
\l__regex_min_state_int=\count129
\l__regex_max_state_int=\count130
\l__regex_left_state_int=\count131
\l__regex_right_state_int=\count132
\l__regex_capturing_group_int=\count133
\l__regex_min_pos_int=\count134
\l__regex_max_pos_int=\count135
\l__regex_current_pos_int=\count136
\l__regex_start_pos_int=\count137
\l__regex_success_pos_int=\count138
\l__regex_current_char_int=\count139
\l__regex_current_catcode_int=\count140
\l__regex_last_char_int=\count141
\l__regex_case_changed_char_int=\count142
\l__regex_current_state_int=\count143
\l__regex_step_int=\count144
\l__regex_min_active_int=\count145
\l__regex_max_active_int=\count146
\l__regex_replacement_csnames_int=\count147
\l__regex_match_count_int=\count148
\l__regex_submatch_int=\count149
\l__regex_zeroth_submatch_int=\count150
) (/usr/share/texlive/texmf-dist/tex/latex/tools/calc.sty
Package: calc 2014/10/28 v4.3 Infix arithmetic (KKT,FJ)
\calc@Acount=\count151
\calc@Bcount=\count152
\calc@Adimen=\dimen134
\calc@Bdimen=\dimen135
\calc@Askip=\skip49
\calc@Bskip=\skip50
LaTeX Info: Redefining \setlength on input line 80.
LaTeX Info: Redefining \addtolength on input line 81.
\calc@Ccount=\count153
\calc@Cskip=\skip51
)
(/usr/share/texlive/texmf-dist/tex/latex/amsmath/amsmath.sty
Package: amsmath 2016/03/03 v2.15a AMS math features
\@mathmargin=\skip52

For additional information on amsmath, use the `?' option.
(/usr/share/texlive/texmf-dist/tex/latex/amsmath/amstext.sty
Package: amstext 2000/06/29 v2.01 AMS text

(/usr/share/texlive/texmf-dist/tex/latex/amsmath/amsgen.sty
File: amsgen.sty 1999/11/30 v2.0 generic functions
\@emptytoks=\toks14
\ex@=\dimen136
))
(/usr/share/texlive/texmf-dist/tex/latex/amsmath/amsbsy.sty
Package: amsbsy 1999/11/29 v1.2d Bold Symbols
\pmbraise@=\dimen137
)
(/usr/share/texlive/texmf-dist/tex/latex/amsmath/amsopn.sty
Package: amsopn 1999/12/14 v2.01 operator names
)
\inf@bad=\count154
LaTeX Info: Redefining \frac on input line 199.
\uproot@=\count155
\leftroot@=\count156
LaTeX Info: Redefining \overline on input line 297.
\classnum@=\count157
\DOTSCASE@=\count158
LaTeX Info: Redefining \ldots on input line 394.
LaTeX Info: Redefining \dots on input line 397.
LaTeX Info: Redefining \cdots on input line 518.
\Mathstrutbox@=\box41
\strutbox@=\box42
\big@size=\dimen138
LaTeX Font Info:    Redeclaring font encoding OML on input line 630.
LaTeX Font Info:    Redeclaring font encoding OMS on input line 631.
\macc@depth=\count159
\c@MaxMatrixCols=\count160
\dotsspace@=\muskip16
\c@parentequation=\count161
\dspbrk@lvl=\count162
\tag@help=\toks15
\row@=\count163
\column@=\count164
\maxfields@=\count165
\andhelp@=\toks16
\eqnshift@=\dimen139
\alignsep@=\dimen140
\tagshift@=\dimen141
\tagwidth@=\dimen142
\totwidth@=\dimen143
\lineht@=\dimen144
\@envbody=\toks17
\multlinegap=\skip53
\multlinetaggap=\skip54
\mathdisplay@stack=\toks18
LaTeX Info: Redefining \[ on input line 2735.
LaTeX Info: Redefining \] on input line 2736.
)
(/usr/share/texlive/texmf-dist/tex/latex/chemgreek/chemgreek.sty
(/usr/share/texlive/texmf-dist/tex/latex/l3packages/xparse/xparse.sty
Package: xparse 2016/01/19 v6377 L3 Experimental document command parser
\l__xparse_current_arg_int=\count166
\l__xparse_m_args_int=\count167
\l__xparse_mandatory_args_int=\count168
\l__xparse_processor_int=\count169
\l__xparse_v_nesting_int=\count170
)
Package: chemgreek 2016/02/10 v1.0e interfaceforuprightgreeklettersforuseinchem
istry (CN)
\l__chemgreek_tmpa_int=\count171
\g__chemgreek_tmpa_int=\count172
.................................................
. LaTeX info: "xparse/define-command"
. 
. Defining command \newchemgreekmapping with sig. 'O{}mm' on line 336.
.................................................
.................................................
. LaTeX info: "xparse/define-command"
. 
. Defining command \renewchemgreekmapping with sig. 'O{}mm' on line 339.
.................................................
.................................................
. LaTeX info: "xparse/define-command"
. 
. Defining command \declarechemgreekmapping with sig. 'O{}mm' on line 342.
.................................................
.................................................
. LaTeX info: "xparse/define-command"
. 
. Defining command \newchemgreekmappingalias with sig. 'mm' on line 347.
.................................................
.................................................
. LaTeX info: "xparse/define-command"
. 
. Defining command \renewchemgreekmappingalias with sig. 'mm' on line 350.
.................................................
.................................................
. LaTeX info: "xparse/define-command"
. 
. Defining command \declarechemgreekmappingalias with sig. 'mm' on line 353.
.................................................
.................................................
. LaTeX info: "xparse/define-command"
. 
. Defining command \changechemgreeksymbol with sig. 'mmmm' on line 383.
.................................................
.................................................
. LaTeX info: "xparse/define-command"
. 
. Defining command \chemgreekmappingsymbol with sig. 'mm' on line 477.
.................................................
.................................................
. LaTeX info: "xparse/define-command"
. 
. Defining command \activatechemgreekmapping with sig. 'sm' on line 486.
.................................................
.................................................
. LaTeX info: "xparse/define-command"
. 
. Defining command \selectchemgreekmapping with sig. 'm' on line 491.
.................................................
)
(/usr/share/texlive/texmf-dist/tex/latex/graphics/graphics.sty
Package: graphics 2016/01/03 v1.0q Standard LaTeX Graphics (DPC,SPQR)

(/usr/share/texlive/texmf-dist/tex/latex/graphics/trig.sty
Package: trig 2016/01/03 v1.10 sin cos tan (DPC)
)
(/usr/share/texlive/texmf-dist/tex/latex/latexconfig/graphics.cfg
File: graphics.cfg 2010/04/23 v1.9 graphics configuration of TeX Live
)
Package graphics Info: Driver file: xetex.def on input line 95.

(/usr/share/texlive/texmf-dist/tex/xelatex/xetex-def/xetex.def
File: xetex.def 2015/09/11 v4.06 LaTeX color/graphics driver for XeTeX (TeX Liv
e/RRM/JK)

(/usr/share/texlive/texmf-dist/tex/generic/oberdiek/infwarerr.sty
Package: infwarerr 2010/04/08 v1.3 Providing info/warning/error messages (HO)
)
(/usr/share/texlive/texmf-dist/tex/generic/oberdiek/ltxcmds.sty
Package: ltxcmds 2011/11/09 v1.22 LaTeX kernel commands for general use (HO)
)))
\l__mhchem_ce_distanceFromLastComma_int=\count173
\__mhchem_arrow_extPgfLength_skip=\skip55
\mhchem@minispace@tmp=\skip56
\mhchem@minibackspace@tmp=\skip57
\mhchem@bondwidth=\skip58
\mhchem@bondheight=\skip59
\mhchem@smallbondwidth@tmpA=\skip60
\mhchem@smallbondwidth@tmpB=\skip61
\mhchem@smallbondwidth=\skip62
\mhchem@bondtmp@minussidebearingleft=\skip63
\mhchem@bondtmp@minussidebearingright=\skip64
\l__mhchem_option_version_int=\count174
\mhchem@option@minusmathsidebearingleft=\dimen145
\mhchem@option@minusmathsidebearingright=\dimen146
\mhchem@option@minustextsidebearingleft=\dimen147
\mhchem@option@minustextsidebearingright=\dimen148
)
(/usr/share/texlive/texmf-dist/tex/latex/siunitx/siunitx.sty
Package: siunitx 2016/03/01 v2.6q A comprehensive (SI) units package

(/usr/share/texlive/texmf-dist/tex/latex/tools/array.sty
Package: array 2014/10/28 v2.4c Tabular extension package (FMi)
\col@sep=\dimen149
\extrarowheight=\dimen150
\NC@list=\toks19
\extratabsurround=\skip65
\backup@length=\skip66
)
\l__siunitx_tmp_box=\box43
\l__siunitx_tmp_dim=\dimen151
\l__siunitx_tmp_int=\count175
\l__siunitx_number_mantissa_length_int=\count176
\l__siunitx_number_uncert_length_int=\count177
\l__siunitx_round_int=\count178
\l__siunitx_process_decimal_int=\count179
\l__siunitx_process_uncertainty_int=\count180
\l__siunitx_process_fixed_int=\count181
\l__siunitx_process_integer_min_int=\count182
\l__siunitx_process_precision_int=\count183
\l__siunitx_group_min_int=\count184
\l__siunitx_angle_marker_box=\box44
\l__siunitx_angle_unit_box=\box45
\l__siunitx_angle_marker_dim=\dimen152
\l__siunitx_angle_unit_dim=\dimen153
\l__siunitx_unit_int=\count185
\l__siunitx_unit_denominator_int=\count186
\l__siunitx_unit_numerator_int=\count187
\l__siunitx_unit_prefix_int=\count188
\l__siunitx_unit_prefix_base_int=\count189
\l__siunitx_unit_prefix_gram_int=\count190
\l__siunitx_number_product_int=\count191
\c__siunitx_one_fill_skip=\skip67
\l__siunitx_table_unit_align_skip=\skip68
\l__siunitx_table_exponent_dim=\dimen154
\l__siunitx_table_integer_dim=\dimen155
\l__siunitx_table_mantissa_dim=\dimen156
\l__siunitx_table_marker_dim=\dimen157
\l__siunitx_table_result_dim=\dimen158
\l__siunitx_table_uncert_dim=\dimen159
\l__siunitx_table_fill_pre_dim=\dimen160
\l__siunitx_table_fill_post_dim=\dimen161
\l__siunitx_table_fill_mid_dim=\dimen162
\l__siunitx_table_pre_box=\box46
\l__siunitx_table_post_box=\box47
\l__siunitx_table_mantissa_box=\box48
\l__siunitx_table_result_box=\box49
\l__siunitx_table_number_align_skip=\skip69
\l__siunitx_table_text_align_skip=\skip70
.................................................
. LaTeX info: "xparse/define-command"
. 
. Defining command \DeclareBinaryPrefix with sig. 'mmm' on line 7218.
.................................................
.................................................
. LaTeX info: "xparse/define-command"
. 
. Defining command \DeclareSIPostPower with sig. 'mm' on line 7221.
.................................................
.................................................
. LaTeX info: "xparse/define-command"
. 
. Defining command \DeclareSIPrefix with sig. 'mmm' on line 7224.
.................................................
.................................................
. LaTeX info: "xparse/define-command"
. 
. Defining command \DeclareSIPrePower with sig. 'mm' on line 7227.
.................................................
.................................................
. LaTeX info: "xparse/define-command"
. 
. Defining command \DeclareSIQualifier with sig. 'mm' on line 7230.
.................................................
.................................................
. LaTeX info: "xparse/define-command"
. 
. Defining command \DeclareSIUnit with sig. 'O{}mm' on line 7233.
.................................................
.................................................
. LaTeX info: "xparse/define-command"
. 
. Defining command \DeclareSIUnitWithOptions with sig. 'mmm' on line 7236.
.................................................
.................................................
. LaTeX info: "xparse/define-command"
. 
. Defining command \ang with sig. 'o>{\SplitArgument {2}{;}}m' on line 7251.
.................................................
.................................................
. LaTeX info: "xparse/define-command"
. 
. Defining command \num with sig. 'om' on line 7260.
.................................................
.................................................
. LaTeX info: "xparse/define-command"
. 
. Defining command \numlist with sig. 'o>{\SplitList {;}}m' on line 7269.
.................................................
.................................................
. LaTeX info: "xparse/define-command"
. 
. Defining command \numrange with sig. 'omm' on line 7278.
.................................................
.................................................
. LaTeX info: "xparse/define-command"
. 
. Defining command \SIlist with sig. 'o>{\SplitList {;}}mm' on line 7290.
.................................................
.................................................
. LaTeX info: "xparse/define-command"
. 
. Defining command \SIrange with sig. 'ommm' on line 7302.
.................................................
.................................................
. LaTeX info: "xparse/define-command"
. 
. Defining command \SI with sig. 'omom' on line 7314.
.................................................
.................................................
. LaTeX info: "xparse/define-command"
. 
. Defining command \sisetup with sig. 'm' on line 7317.
.................................................
.................................................
. LaTeX info: "xparse/define-command"
. 
. Defining command \tablenum with sig. 'om' on line 7332.
.................................................
.................................................
. LaTeX info: "xparse/define-command"
. 
. Defining command \si with sig. 'om' on line 7344.
.................................................
.................................................
. LaTeX info: "xparse/define-command"
. 
. Defining command \__siunitx_bookmark_num:w with sig. 'om' on line 7391.
.................................................
.................................................
. LaTeX info: "xparse/define-command"
. 
. Defining command \__siunitx_bookmark_numrange:w with sig. 'omm' on line
. 7393.
.................................................
.................................................
. LaTeX info: "xparse/define-command"
. 
. Defining command \__siunitx_bookmark_SI:w with sig. 'omom' on line 7395.
.................................................
.................................................
. LaTeX info: "xparse/define-command"
. 
. Defining command \__siunitx_bookmark_SIlist:w with sig. 'omm' on line 7397.
.................................................
.................................................
. LaTeX info: "xparse/define-command"
. 
. Defining command \__siunitx_bookmark_SIrange:w with sig. 'ommm' on line
. 7399.
.................................................
.................................................
. LaTeX info: "xparse/define-command"
. 
. Defining command \__siunitx_bookmark_si:w with sig. 'om' on line 7400.
.................................................
\g__file_internal_ior=\read1

(/usr/share/texlive/texmf-dist/tex/latex/beamer/translator/translator.sty
Package: translator 2010/06/12 ver 1.10

(/usr/share/texlive/texmf-dist/tex/latex/graphics/keyval.sty
Package: keyval 2014/10/28 v1.15 key=value parser (DPC)
\KV@toks@=\toks20
)
(/usr/share/texlive/texmf-dist/tex/latex/beamer/translator/translator-language-
mappings.tex))) (/usr/share/texlive/texmf-dist/tex/latex/graphics/graphicx.sty
Package: graphicx 2014/10/28 v1.0g Enhanced LaTeX Graphics (DPC,SPQR)
\Gin@req@height=\dimen163
\Gin@req@width=\dimen164
) (/usr/share/texlive/texmf-dist/tex/latex/natbib/natbib.sty
Package: natbib 2010/09/13 8.31b (PWD, AO)
\bibhang=\skip71
\bibsep=\skip72
LaTeX Info: Redefining \cite on input line 694.
\c@NAT@ctr=\count192
)
(/usr/share/texlive/texmf-dist/tex/latex/listings/listings.sty
\lst@mode=\count193
\lst@gtempboxa=\box50
\lst@token=\toks21
\lst@length=\count194
\lst@currlwidth=\dimen165
\lst@column=\count195
\lst@pos=\count196
\lst@lostspace=\dimen166
\lst@width=\dimen167
\lst@newlines=\count197
\lst@lineno=\count198
\lst@maxwidth=\dimen168

(/usr/share/texlive/texmf-dist/tex/latex/listings/lstmisc.sty
File: lstmisc.sty 2015/06/04 1.6 (Carsten Heinz)
\c@lstnumber=\count199
\lst@skipnumbers=\count266
\lst@framebox=\box51
)
(/usr/share/texlive/texmf-dist/tex/latex/listings/listings.cfg
File: listings.cfg 2015/06/04 1.6 listings configuration
))
Package: listings 2015/06/04 1.6 (Carsten Heinz)

(/usr/share/texlive/texmf-dist/tex/latex/float/float.sty
Package: float 2001/11/08 v1.3d Float enhancements (AL)
\c@float@type=\count267
\float@exts=\toks22
\float@box=\box52
\@float@everytoks=\toks23
\@floatcapt=\box53
)
(/usr/share/texlive/texmf-dist/tex/latex/caption/caption.sty
Package: caption 2016/02/21 v3.3-144 Customizing captions (AR)

(/usr/share/texlive/texmf-dist/tex/latex/caption/caption3.sty
Package: caption3 2016/02/04 v1.7-139 caption3 kernel (AR)
Package caption3 Info: TeX engine: e-TeX on input line 67.
\captionmargin=\dimen169
\captionmargin@=\dimen170
\captionwidth=\dimen171
\caption@tempdima=\dimen172
\caption@indent=\dimen173
\caption@parindent=\dimen174
\caption@hangindent=\dimen175
)
\c@ContinuedFloat=\count268
Package caption Info: float package is loaded.
Package caption Info: listings package is loaded.
)
(/usr/share/texlive/texmf-dist/tex/latex/tools/enumerate.sty
Package: enumerate 2015/07/23 v3.00 enumerate extensions (DPC)
\@enLab=\toks24
)
(/usr/share/texlive/texmf-dist/tex/latex/soul/soul.sty
Package: soul 2003/11/17 v2.4 letterspacing/underlining (mf)
\SOUL@word=\toks25
\SOUL@lasttoken=\toks26
\SOUL@cmds=\toks27
\SOUL@buffer=\toks28
\SOUL@token=\toks29
\SOUL@spaceskip=\skip73
\SOUL@ttwidth=\dimen176
\SOUL@uldp=\dimen177
\SOUL@ulht=\dimen178
)
(/usr/share/texlive/texmf-dist/tex/latex/csquotes/csquotes.sty
Package: csquotes 2016/01/31 v5.1g context-sensitive quotations (JAW)

(/usr/share/texlive/texmf-dist/tex/latex/etoolbox/etoolbox.sty
Package: etoolbox 2015/08/02 v2.2a e-TeX tools for LaTeX (JAW)
\etb@tempcnta=\count269
)
\csq@reset=\count270
\csq@gtype=\count271
\csq@glevel=\count272
\csq@qlevel=\count273
\csq@maxlvl=\count274
\csq@tshold=\count275
\csq@ltx@everypar=\toks30

(/usr/share/texlive/texmf-dist/tex/latex/csquotes/csquotes.def
File: csquotes.def 2016/01/31 v5.1g csquotes generic definitions (JAW)
)
Package csquotes Info: Trying to load configuration file 'csquotes.cfg'...
Package csquotes Info: ... configuration file loaded successfully.

(/usr/share/texlive/texmf-dist/tex/latex/csquotes/csquotes.cfg
File: csquotes.cfg 
))
(/usr/share/texlive/texmf-dist/tex/latex/tcolorbox/tcolorbox.sty
Package: tcolorbox 2016/02/29 version 3.90 text color boxes

(/usr/share/texlive/texmf-dist/tex/latex/pgf/basiclayer/pgf.sty
(/usr/share/texlive/texmf-dist/tex/latex/pgf/utilities/pgfrcs.sty
(/usr/share/texlive/texmf-dist/tex/generic/pgf/utilities/pgfutil-common.tex
\pgfutil@everybye=\toks31
\pgfutil@tempdima=\dimen179
\pgfutil@tempdimb=\dimen180

(/usr/share/texlive/texmf-dist/tex/generic/pgf/utilities/pgfutil-common-lists.t
ex)) (/usr/share/texlive/texmf-dist/tex/generic/pgf/utilities/pgfutil-latex.def
\pgfutil@abb=\box54
(/usr/share/texlive/texmf-dist/tex/latex/ms/everyshi.sty
Package: everyshi 2001/05/15 v3.00 EveryShipout Package (MS)
))
(/usr/share/texlive/texmf-dist/tex/generic/pgf/utilities/pgfrcs.code.tex
Package: pgfrcs 2015/08/07 v3.0.1a (rcs-revision 1.31)
))
Package: pgf 2015/08/07 v3.0.1a (rcs-revision 1.15)

(/usr/share/texlive/texmf-dist/tex/latex/pgf/basiclayer/pgfcore.sty
(/usr/share/texlive/texmf-dist/tex/latex/pgf/systemlayer/pgfsys.sty
(/usr/share/texlive/texmf-dist/tex/generic/pgf/systemlayer/pgfsys.code.tex
Package: pgfsys 2014/07/09 v3.0.1a (rcs-revision 1.48)

(/usr/share/texlive/texmf-dist/tex/generic/pgf/utilities/pgfkeys.code.tex
\pgfkeys@pathtoks=\toks32
\pgfkeys@temptoks=\toks33

(/usr/share/texlive/texmf-dist/tex/generic/pgf/utilities/pgfkeysfiltered.code.t
ex
\pgfkeys@tmptoks=\toks34
))
\pgf@x=\dimen181
\pgf@y=\dimen182
\pgf@xa=\dimen183
\pgf@ya=\dimen184
\pgf@xb=\dimen185
\pgf@yb=\dimen186
\pgf@xc=\dimen187
\pgf@yc=\dimen188
\w@pgf@writea=\write3
\r@pgf@reada=\read2
\c@pgf@counta=\count276
\c@pgf@countb=\count277
\c@pgf@countc=\count278
\c@pgf@countd=\count279
\t@pgf@toka=\toks35
\t@pgf@tokb=\toks36
\t@pgf@tokc=\toks37
 (/usr/share/texlive/texmf-dist/tex/generic/pgf/systemlayer/pgf.cfg
File: pgf.cfg 2008/05/14  (rcs-revision 1.7)
)
Driver file for pgf: pgfsys-xetex.def

(/usr/share/texlive/texmf-dist/tex/generic/pgf/systemlayer/pgfsys-xetex.def
File: pgfsys-xetex.def 2014/07/09  (rcs-revision 1.11)

(/usr/share/texlive/texmf-dist/tex/generic/pgf/systemlayer/pgfsys-dvipdfmx.def
File: pgfsys-dvipdfmx.def 2014/07/09  (rcs-revision 1.14)

(/usr/share/texlive/texmf-dist/tex/generic/pgf/systemlayer/pgfsys-common-pdf.de
f
File: pgfsys-common-pdf.def 2013/10/10  (rcs-revision 1.13)
)
\pgfsys@objnum=\count280
)))
(/usr/share/texlive/texmf-dist/tex/generic/pgf/systemlayer/pgfsyssoftpath.code.
tex
File: pgfsyssoftpath.code.tex 2013/09/09  (rcs-revision 1.9)
\pgfsyssoftpath@smallbuffer@items=\count281
\pgfsyssoftpath@bigbuffer@items=\count282
)
(/usr/share/texlive/texmf-dist/tex/generic/pgf/systemlayer/pgfsysprotocol.code.
tex
File: pgfsysprotocol.code.tex 2006/10/16  (rcs-revision 1.4)
)) (/usr/share/texlive/texmf-dist/tex/latex/xcolor/xcolor.sty
Package: xcolor 2007/01/21 v2.11 LaTeX color extensions (UK)

(/usr/share/texlive/texmf-dist/tex/latex/latexconfig/color.cfg
File: color.cfg 2007/01/18 v1.5 color configuration of teTeX/TeXLive
)
Package xcolor Info: Driver file: xetex.def on input line 225.
Package xcolor Info: Model `cmy' substituted by `cmy0' on input line 1337.
Package xcolor Info: Model `RGB' extended on input line 1353.
Package xcolor Info: Model `HTML' substituted by `rgb' on input line 1355.
Package xcolor Info: Model `Hsb' substituted by `hsb' on input line 1356.
Package xcolor Info: Model `tHsb' substituted by `hsb' on input line 1357.
Package xcolor Info: Model `HSB' substituted by `hsb' on input line 1358.
Package xcolor Info: Model `Gray' substituted by `gray' on input line 1359.
Package xcolor Info: Model `wave' substituted by `hsb' on input line 1360.
)
(/usr/share/texlive/texmf-dist/tex/generic/pgf/basiclayer/pgfcore.code.tex
Package: pgfcore 2010/04/11 v3.0.1a (rcs-revision 1.7)

(/usr/share/texlive/texmf-dist/tex/generic/pgf/math/pgfmath.code.tex
(/usr/share/texlive/texmf-dist/tex/generic/pgf/math/pgfmathcalc.code.tex
(/usr/share/texlive/texmf-dist/tex/generic/pgf/math/pgfmathutil.code.tex)
(/usr/share/texlive/texmf-dist/tex/generic/pgf/math/pgfmathparser.code.tex
\pgfmath@dimen=\dimen189
\pgfmath@count=\count283
\pgfmath@box=\box55
\pgfmath@toks=\toks38
\pgfmath@stack@operand=\toks39
\pgfmath@stack@operation=\toks40
)
(/usr/share/texlive/texmf-dist/tex/generic/pgf/math/pgfmathfunctions.code.tex
(/usr/share/texlive/texmf-dist/tex/generic/pgf/math/pgfmathfunctions.basic.code
.tex)
(/usr/share/texlive/texmf-dist/tex/generic/pgf/math/pgfmathfunctions.trigonomet
ric.code.tex)
(/usr/share/texlive/texmf-dist/tex/generic/pgf/math/pgfmathfunctions.random.cod
e.tex)
(/usr/share/texlive/texmf-dist/tex/generic/pgf/math/pgfmathfunctions.comparison
.code.tex)
(/usr/share/texlive/texmf-dist/tex/generic/pgf/math/pgfmathfunctions.base.code.
tex)
(/usr/share/texlive/texmf-dist/tex/generic/pgf/math/pgfmathfunctions.round.code
.tex)
(/usr/share/texlive/texmf-dist/tex/generic/pgf/math/pgfmathfunctions.misc.code.
tex)
(/usr/share/texlive/texmf-dist/tex/generic/pgf/math/pgfmathfunctions.integerari
thmetics.code.tex)))
(/usr/share/texlive/texmf-dist/tex/generic/pgf/math/pgfmathfloat.code.tex
\c@pgfmathroundto@lastzeros=\count284
))
(/usr/share/texlive/texmf-dist/tex/generic/pgf/basiclayer/pgfcorepoints.code.te
x
File: pgfcorepoints.code.tex 2013/10/07  (rcs-revision 1.27)
\pgf@picminx=\dimen190
\pgf@picmaxx=\dimen191
\pgf@picminy=\dimen192
\pgf@picmaxy=\dimen193
\pgf@pathminx=\dimen194
\pgf@pathmaxx=\dimen195
\pgf@pathminy=\dimen196
\pgf@pathmaxy=\dimen197
\pgf@xx=\dimen198
\pgf@xy=\dimen199
\pgf@yx=\dimen256
\pgf@yy=\dimen257
\pgf@zx=\dimen258
\pgf@zy=\dimen259
)
(/usr/share/texlive/texmf-dist/tex/generic/pgf/basiclayer/pgfcorepathconstruct.
code.tex
File: pgfcorepathconstruct.code.tex 2013/10/07  (rcs-revision 1.29)
\pgf@path@lastx=\dimen260
\pgf@path@lasty=\dimen261
)
(/usr/share/texlive/texmf-dist/tex/generic/pgf/basiclayer/pgfcorepathusage.code
.tex
File: pgfcorepathusage.code.tex 2014/11/02  (rcs-revision 1.24)
\pgf@shorten@end@additional=\dimen262
\pgf@shorten@start@additional=\dimen263
)
(/usr/share/texlive/texmf-dist/tex/generic/pgf/basiclayer/pgfcorescopes.code.te
x
File: pgfcorescopes.code.tex 2015/05/08  (rcs-revision 1.46)
\pgfpic=\box56
\pgf@hbox=\box57
\pgf@layerbox@main=\box58
\pgf@picture@serial@count=\count285
)
(/usr/share/texlive/texmf-dist/tex/generic/pgf/basiclayer/pgfcoregraphicstate.c
ode.tex
File: pgfcoregraphicstate.code.tex 2014/11/02  (rcs-revision 1.12)
\pgflinewidth=\dimen264
)
(/usr/share/texlive/texmf-dist/tex/generic/pgf/basiclayer/pgfcoretransformation
s.code.tex
File: pgfcoretransformations.code.tex 2015/08/07  (rcs-revision 1.20)
\pgf@pt@x=\dimen265
\pgf@pt@y=\dimen266
\pgf@pt@temp=\dimen267
)
(/usr/share/texlive/texmf-dist/tex/generic/pgf/basiclayer/pgfcorequick.code.tex
File: pgfcorequick.code.tex 2008/10/09  (rcs-revision 1.3)
)
(/usr/share/texlive/texmf-dist/tex/generic/pgf/basiclayer/pgfcoreobjects.code.t
ex
File: pgfcoreobjects.code.tex 2006/10/11  (rcs-revision 1.2)
)
(/usr/share/texlive/texmf-dist/tex/generic/pgf/basiclayer/pgfcorepathprocessing
.code.tex
File: pgfcorepathprocessing.code.tex 2013/09/09  (rcs-revision 1.9)
)
(/usr/share/texlive/texmf-dist/tex/generic/pgf/basiclayer/pgfcorearrows.code.te
x
File: pgfcorearrows.code.tex 2015/05/14  (rcs-revision 1.43)
\pgfarrowsep=\dimen268
)
(/usr/share/texlive/texmf-dist/tex/generic/pgf/basiclayer/pgfcoreshade.code.tex
File: pgfcoreshade.code.tex 2013/07/15  (rcs-revision 1.15)
\pgf@max=\dimen269
\pgf@sys@shading@range@num=\count286
)
(/usr/share/texlive/texmf-dist/tex/generic/pgf/basiclayer/pgfcoreimage.code.tex
File: pgfcoreimage.code.tex 2013/07/15  (rcs-revision 1.18)

(/usr/share/texlive/texmf-dist/tex/generic/pgf/basiclayer/pgfcoreexternal.code.
tex
File: pgfcoreexternal.code.tex 2014/07/09  (rcs-revision 1.21)
\pgfexternal@startupbox=\box59
))
(/usr/share/texlive/texmf-dist/tex/generic/pgf/basiclayer/pgfcorelayers.code.te
x
File: pgfcorelayers.code.tex 2013/07/18  (rcs-revision 1.7)
)
(/usr/share/texlive/texmf-dist/tex/generic/pgf/basiclayer/pgfcoretransparency.c
ode.tex
File: pgfcoretransparency.code.tex 2013/09/30  (rcs-revision 1.5)
)
(/usr/share/texlive/texmf-dist/tex/generic/pgf/basiclayer/pgfcorepatterns.code.
tex
File: pgfcorepatterns.code.tex 2013/11/07  (rcs-revision 1.5)
)))
(/usr/share/texlive/texmf-dist/tex/generic/pgf/modules/pgfmoduleshapes.code.tex
File: pgfmoduleshapes.code.tex 2014/03/21  (rcs-revision 1.35)
\pgfnodeparttextbox=\box60
) (/usr/share/texlive/texmf-dist/tex/generic/pgf/modules/pgfmoduleplot.code.tex
File: pgfmoduleplot.code.tex 2015/08/03  (rcs-revision 1.13)
)
(/usr/share/texlive/texmf-dist/tex/latex/pgf/compatibility/pgfcomp-version-0-65
.sty
Package: pgfcomp-version-0-65 2007/07/03 v3.0.1a (rcs-revision 1.7)
\pgf@nodesepstart=\dimen270
\pgf@nodesepend=\dimen271
)
(/usr/share/texlive/texmf-dist/tex/latex/pgf/compatibility/pgfcomp-version-1-18
.sty
Package: pgfcomp-version-1-18 2007/07/23 v3.0.1a (rcs-revision 1.1)
)) (/usr/share/texlive/texmf-dist/tex/latex/tools/verbatim.sty
Package: verbatim 2014/10/28 v1.5q LaTeX2e package for verbatim enhancements
\every@verbatim=\toks41
\verbatim@line=\toks42
\verbatim@in@stream=\read3
)
(/usr/share/texlive/texmf-dist/tex/latex/environ/environ.sty
Package: environ 2014/05/04 v0.3 A new way to define environments

(/usr/share/texlive/texmf-dist/tex/latex/trimspaces/trimspaces.sty
Package: trimspaces 2009/09/17 v1.1 Trim spaces around a token list
))
\tcb@titlebox=\box61
\tcb@upperbox=\box62
\tcb@lowerbox=\box63
\tcb@phantombox=\box64
\c@tcbbreakpart=\count287
\c@tcblayer=\count288
\tcolorbox@number=\count289
\tcb@temp=\box65
\tcb@temp=\box66
\tcb@temp=\box67
\tcb@temp=\box68
\tcb@out=\write4
\tcb@record@out=\write5
)
(/usr/share/texlive/texmf-dist/tex/latex/minted/minted.sty
Package: minted 2015/09/09 v2.1 Yet another Pygments shim for LaTeX

(/usr/share/texlive/texmf-dist/tex/latex/oberdiek/kvoptions.sty
Package: kvoptions 2011/06/30 v3.11 Key value format for package options (HO)

(/usr/share/texlive/texmf-dist/tex/generic/oberdiek/kvsetkeys.sty
Package: kvsetkeys 2012/04/25 v1.16 Key value parser (HO)

(/usr/share/texlive/texmf-dist/tex/generic/oberdiek/etexcmds.sty
Package: etexcmds 2011/02/16 v1.5 Avoid name clashes with e-TeX commands (HO)

(/usr/share/texlive/texmf-dist/tex/generic/oberdiek/ifluatex.sty
Package: ifluatex 2010/03/01 v1.3 Provides the ifluatex switch (HO)
Package ifluatex Info: LuaTeX not detected.
)
Package etexcmds Info: Could not find \expanded.
(etexcmds)             That can mean that you are not using pdfTeX 1.50 or
(etexcmds)             that some package has redefined \expanded.
(etexcmds)             In the latter case, load this package earlier.
)))
(/usr/share/texlive/texmf-dist/tex/latex/fancyvrb/fancyvrb.sty
Package: fancyvrb 2008/02/07

Style option: `fancyvrb' v2.7a, with DG/SPQR fixes, and firstline=lastline fix 
<2008/02/07> (tvz)
\FV@CodeLineNo=\count290
\FV@InFile=\read4
\FV@TabBox=\box69
\c@FancyVerbLine=\count291
\FV@StepNumber=\count292
\FV@OutFile=\write6
) (/usr/share/texlive/texmf-dist/tex/latex/base/ifthen.sty
Package: ifthen 2014/09/29 v1.1c Standard LaTeX ifthen package (DPC)
)
(/usr/share/texlive/texmf-dist/tex/latex/ifplatform/ifplatform.sty
Package: ifplatform 2010/10/22 v0.4 Testing for the operating system

(/usr/share/texlive/texmf-dist/tex/generic/oberdiek/pdftexcmds.sty
Package: pdftexcmds 2011/11/29 v0.20 Utility functions of pdfTeX for LuaTeX (HO
)

(/usr/share/texlive/texmf-dist/tex/generic/oberdiek/ifpdf.sty
Package: ifpdf 2011/01/30 v2.3 Provides the ifpdf switch (HO)
Package ifpdf Info: pdfTeX in PDF mode is not detected.
)
Package pdftexcmds Info: LuaTeX not detected.
Package pdftexcmds Info: pdfTeX >= 1.30 not detected.
Package pdftexcmds Info: \pdf@primitive is available.
Package pdftexcmds Info: \pdf@ifprimitive is available.
Package pdftexcmds Info: \pdfdraftmode not found.
)
(/usr/share/texlive/texmf-dist/tex/generic/oberdiek/catchfile.sty
Package: catchfile 2011/03/01 v1.6 Catch the contents of a file (HO)
)
runsystem(uname -s > "report.w18")...executed.


(./report.w18)
runsystem(rm -- "report.w18")...executed.

) (/usr/share/texlive/texmf-dist/tex/generic/xstring/xstring.sty
(/usr/share/texlive/texmf-dist/tex/generic/xstring/xstring.tex
\@xs@message=\write7
\integerpart=\count293
\decimalpart=\count294
)
Package: xstring 2013/10/13  v1.7c  String manipulations (C Tellechea)
)
(/usr/share/texlive/texmf-dist/tex/latex/lineno/lineno.sty
Package: lineno 2005/11/02 line numbers on paragraphs v4.41
Invalid UTF-8 byte or sequence at line 296 replaced by U+FFFD.
\linenopenalty=\count295
\output=\toks43
\linenoprevgraf=\count296
\linenumbersep=\dimen272
\linenumberwidth=\dimen273
\c@linenumber=\count297
\c@pagewiselinenumber=\count298
\c@LN@truepage=\count299
\c@internallinenumber=\count300
\c@internallinenumbers=\count301
\quotelinenumbersep=\dimen274
\bframerule=\dimen275
\bframesep=\dimen276
\bframebox=\box70


LaTeX Warning: Command \@parboxrestore  has changed.
               Check if current package is valid.

LaTeX Info: Redefining \\ on input line 3056.
)
\minted@appexistsfile=\read5
\FV@BreakIndent=\dimen277
\FV@BreakSymbolSepLeft=\dimen278
\FV@BreakSymbolSepRight=\dimen279
\FV@BreakSymbolIndentLeft=\dimen280
\FV@BreakSymbolIndentRight=\dimen281
\c@FancyVerbLineBreakLast=\count302
\FV@LineBox=\box71
\FV@LineIndentBox=\box72
\minted@bgbox=\box73
\minted@code=\write8
\c@minted@FancyVerbLineTemp=\count303
\@float@every@listing=\toks44
\c@listing=\count304
)
runsystem(mkdir -p "_minted-report")...executed.

runsystem(pygmentize -S default -f latex -P commandprefix=PYGdefault > "_minted
-report/default.pygstyle")...executed.

 (./_minted-report/default.pygstyle)
(/usr/share/texlive/texmf-dist/tex/latex/hyperref/hyperref.sty
Package: hyperref 2012/11/06 v6.83m Hypertext links for LaTeX

(/usr/share/texlive/texmf-dist/tex/generic/oberdiek/hobsub-hyperref.sty
Package: hobsub-hyperref 2012/05/28 v1.13 Bundle oberdiek, subset hyperref (HO)


(/usr/share/texlive/texmf-dist/tex/generic/oberdiek/hobsub-generic.sty
Package: hobsub-generic 2012/05/28 v1.13 Bundle oberdiek, subset generic (HO)
Package: hobsub 2012/05/28 v1.13 Construct package bundles (HO)
Package hobsub Info: Skipping package `infwarerr' (already loaded).
Package hobsub Info: Skipping package `ltxcmds' (already loaded).
Package hobsub Info: Skipping package `ifluatex' (already loaded).
Package: ifvtex 2010/03/01 v1.5 Detect VTeX and its facilities (HO)
Package ifvtex Info: VTeX not detected.
Package: intcalc 2007/09/27 v1.1 Expandable calculations with integers (HO)
Package hobsub Info: Skipping package `ifpdf' (already loaded).
Package hobsub Info: Skipping package `etexcmds' (already loaded).
Package hobsub Info: Skipping package `kvsetkeys' (already loaded).
Package: kvdefinekeys 2011/04/07 v1.3 Define keys (HO)
Package hobsub Info: Skipping package `pdftexcmds' (already loaded).
Package: pdfescape 2011/11/25 v1.13 Implements pdfTeX's escape features (HO)
Package: bigintcalc 2012/04/08 v1.3 Expandable calculations on big integers (HO
)
Package: bitset 2011/01/30 v1.1 Handle bit-vector datatype (HO)
Package: uniquecounter 2011/01/30 v1.2 Provide unlimited unique counter (HO)
)
Package hobsub Info: Skipping package `hobsub' (already loaded).
Package: letltxmacro 2010/09/02 v1.4 Let assignment for LaTeX macros (HO)
Package: hopatch 2012/05/28 v1.2 Wrapper for package hooks (HO)
Package: xcolor-patch 2011/01/30 xcolor patch
Package: atveryend 2011/06/30 v1.8 Hooks at the very end of document (HO)
Package: atbegshi 2011/10/05 v1.16 At begin shipout hook (HO)
Package: refcount 2011/10/16 v3.4 Data extraction from label references (HO)
Package: hycolor 2011/01/30 v1.7 Color options for hyperref/bookmark (HO)
)
(/usr/share/texlive/texmf-dist/tex/generic/ifxetex/ifxetex.sty
Package: ifxetex 2010/09/12 v0.6 Provides ifxetex conditional
)
(/usr/share/texlive/texmf-dist/tex/latex/oberdiek/auxhook.sty
Package: auxhook 2011/03/04 v1.3 Hooks for auxiliary files (HO)
)
\@linkdim=\dimen282
\Hy@linkcounter=\count305
\Hy@pagecounter=\count306

(/usr/share/texlive/texmf-dist/tex/latex/hyperref/pd1enc.def
File: pd1enc.def 2012/11/06 v6.83m Hyperref: PDFDocEncoding definition (HO)
)
\Hy@SavedSpaceFactor=\count307

(/usr/share/texlive/texmf-dist/tex/latex/latexconfig/hyperref.cfg
File: hyperref.cfg 2002/06/06 v1.2 hyperref configuration of TeXLive
)
Package hyperref Info: Hyper figures OFF on input line 4443.
Package hyperref Info: Link nesting OFF on input line 4448.
Package hyperref Info: Hyper index ON on input line 4451.
Package hyperref Info: Plain pages OFF on input line 4458.
Package hyperref Info: Backreferencing OFF on input line 4463.
Package hyperref Info: Implicit mode ON; LaTeX internals redefined.
Package hyperref Info: Bookmarks ON on input line 4688.
\c@Hy@tempcnt=\count308

(/usr/share/texlive/texmf-dist/tex/latex/url/url.sty
\Urlmuskip=\muskip17
Package: url 2013/09/16  ver 3.4  Verb mode for urls, etc.
)
LaTeX Info: Redefining \url on input line 5041.
\XeTeXLinkMargin=\dimen283
\Fld@menulength=\count309
\Field@Width=\dimen284
\Fld@charsize=\dimen285
Package hyperref Info: Hyper figures OFF on input line 6295.
Package hyperref Info: Link nesting OFF on input line 6300.
Package hyperref Info: Hyper index ON on input line 6303.
Package hyperref Info: backreferencing OFF on input line 6310.
Package hyperref Info: Link coloring OFF on input line 6315.
Package hyperref Info: Link coloring with OCG OFF on input line 6320.
Package hyperref Info: PDF/A mode OFF on input line 6325.
LaTeX Info: Redefining \ref on input line 6365.
LaTeX Info: Redefining \pageref on input line 6369.
\Hy@abspage=\count310
\c@Item=\count311
\c@Hfootnote=\count312
)

Package hyperref Message: Driver (autodetected): hxetex.

(/usr/share/texlive/texmf-dist/tex/latex/hyperref/hxetex.def
File: hxetex.def 2012/11/06 v6.83m Hyperref driver for XeTeX

(/usr/share/texlive/texmf-dist/tex/latex/hyperref/puenc.def
File: puenc.def 2012/11/06 v6.83m Hyperref: PDF Unicode definition (HO)
)
(/usr/share/texlive/texmf-dist/tex/generic/oberdiek/stringenc.sty
Package: stringenc 2011/12/02 v1.10 Convert strings between diff. encodings (HO
)
)
\pdfm@box=\box74
\c@Hy@AnnotLevel=\count313
\HyField@AnnotCount=\count314
\Fld@listcount=\count315
\c@bookmark@seq@number=\count316

(/usr/share/texlive/texmf-dist/tex/latex/oberdiek/rerunfilecheck.sty
Package: rerunfilecheck 2011/04/15 v1.7 Rerun checks for auxiliary files (HO)
Package rerunfilecheck Info: Feature \pdfmdfivesum is not available
(rerunfilecheck)             (e.g. pdfTeX or LuaTeX with package `pdftexcmds').

(rerunfilecheck)             Therefore file contents cannot be checked efficien
tly
(rerunfilecheck)             and the loading of the package is aborted.
)
\Hy@SectionHShift=\skip74
)
Package csquotes Info: Checking for multilingual support...
Package csquotes Info: ... none found.
runsystem(which "pygmentize" && touch "report.aex")...executed.

runsystem(rm "report.aex")...executed.


No file report.aux.
\openout1 = `report.aux'.

LaTeX Font Info:    Checking defaults for OML/cmm/m/it on input line 51.
LaTeX Font Info:    ... okay on input line 51.
LaTeX Font Info:    Checking defaults for T1/cmr/m/n on input line 51.
LaTeX Font Info:    ... okay on input line 51.
LaTeX Font Info:    Checking defaults for OT1/cmr/m/n on input line 51.
LaTeX Font Info:    ... okay on input line 51.
LaTeX Font Info:    Checking defaults for OMS/cmsy/m/n on input line 51.
LaTeX Font Info:    ... okay on input line 51.
LaTeX Font Info:    Checking defaults for OMX/cmex/m/n on input line 51.
LaTeX Font Info:    ... okay on input line 51.
LaTeX Font Info:    Checking defaults for U/cmr/m/n on input line 51.
LaTeX Font Info:    ... okay on input line 51.
LaTeX Font Info:    Checking defaults for PD1/pdf/m/n on input line 51.
LaTeX Font Info:    ... okay on input line 51.
LaTeX Font Info:    Checking defaults for PU/pdf/m/n on input line 51.
LaTeX Font Info:    ... okay on input line 51.
.................................................
. chemgreek info: "mapping-activated"
. 
. Activating mapping `default' on line 51.
.................................................

(/usr/share/texlive/texmf-dist/tex/latex/beamer/translator/dicts/translator-bas
ic-dictionary/translator-basic-dictionary-English.dict
Dictionary: translator-basic-dictionary, Language: English 
)
(/usr/share/texlive/texmf-dist/tex/latex/siunitx/siunitx-abbreviations.cfg
File: siunitx-abbreviations.cfg 2016/03/01 v2.6q siunitx: Abbreviated units
)
\c@lstlisting=\count317
Package caption Info: Begin \AtBeginDocument code.
Package caption Info: hyperref package is loaded.
Package caption Info: End \AtBeginDocument code.

ABD: EveryShipout initializing macros
runsystem(pygmentize -S default -f latex -P commandprefix=PYG > "_minted-report
/default-pyg-prefix.pygstyle")...executed.


(./_minted-report/default-pyg-prefix.pygstyle)
\AtBeginShipoutBox=\box75
Package hyperref Info: Link coloring OFF on input line 51.

(/usr/share/texlive/texmf-dist/tex/latex/hyperref/nameref.sty
Package: nameref 2012/10/27 v2.43 Cross-referencing by name of section

(/usr/share/texlive/texmf-dist/tex/generic/oberdiek/gettitlestring.sty
Package: gettitlestring 2010/12/03 v1.4 Cleanup title references (HO)
)
\c@section@level=\count318
)
LaTeX Info: Redefining \ref on input line 51.
LaTeX Info: Redefining \pageref on input line 51.
LaTeX Info: Redefining \nameref on input line 51.
\@outlinefile=\write9
\openout9 = `report.out'.



Package hyperref Warning: Rerun to get /PageLabels entry.

\c__siunitx_mathsf_int=\count319
\c__siunitx_mathtt_int=\count320
(/usr/share/texlive/texmf-dist/tex/generic/oberdiek/se-ascii-print.def
File: se-ascii-print.def 2011/12/02 v1.10 stringenc: Printable ASCII characters

)
[1

]
Overfull \hbox (6.11177pt too wide) in paragraph at lines 137--140
[]\OT1/cmr/m/n/10 Otherwise, you can read them on-line at gnu.org/software/sed/
manual/sed.txt.
 []

\openout6 = `report.pyg'.

\openout8 = `report.mintedcmd'.

runsystem(python -c "import hashlib; hasher = hashlib.sha1(); f = open(\"report
.mintedcmd\", \"rb\"); hasher.update(f.read()); f.close(); f = open(\"report.py
g\", \"rb\"); hasher.update(f.read()); f.close(); f = open(\"report.mintedmd5\"
, \"w\"); macro = \"\\edef\\minted@hash\" + chr(123) + hasher.hexdigest() + chr
(125) + \"\"; f.write(\"\\makeatletter\" + macro + \"\\makeatother\\endinput\n 
\"); f.close();")...executed.

(./report.mintedmd5)
runsystem(pygmentize -l bash -f latex -P commandprefix=PYG -F tokenmerge -o "_m
inted-report/17f9b5dcc3ee2a7e9c841aafe65a0a2a48a752d6.pygtex" "report.pyg" )...
executed.


(./_minted-report/17f9b5dcc3ee2a7e9c841aafe65a0a2a48a752d6.pygtex
LaTeX Font Info:    Font shape `OT1/cmtt/bx/n' in size <10> not available
(Font)              Font shape `OT1/cmtt/m/n' tried instead on input line 5.
) [2]
\openout6 = `report.pyg'.

\openout8 = `report.mintedcmd'.

runsystem(python -c "import hashlib; hasher = hashlib.sha1(); f = open(\"report
.mintedcmd\", \"rb\"); hasher.update(f.read()); f.close(); f = open(\"report.py
g\", \"rb\"); hasher.update(f.read()); f.close(); f = open(\"report.mintedmd5\"
, \"w\"); macro = \"\\edef\\minted@hash\" + chr(123) + hasher.hexdigest() + chr
(125) + \"\"; f.write(\"\\makeatletter\" + macro + \"\\makeatother\\endinput\n 
\"); f.close();")...executed.


(./report.mintedmd5)
runsystem(pygmentize -l python -f latex -P commandprefix=PYG -F tokenmerge -o "
_minted-report/1726907cc398d7d9ee563a31f0e2990459645862.pygtex" "report.pyg" ).
..executed.


(./_minted-report/1726907cc398d7d9ee563a31f0e2990459645862.pygtex)
\openout6 = `report.pyg'.

\openout8 = `report.mintedcmd'.

runsystem(python -c "import hashlib; hasher = hashlib.sha1(); f = open(\"report
.mintedcmd\", \"rb\"); hasher.update(f.read()); f.close(); f = open(\"report.py
g\", \"rb\"); hasher.update(f.read()); f.close(); f = open(\"report.mintedmd5\"
, \"w\"); macro = \"\\edef\\minted@hash\" + chr(123) + hasher.hexdigest() + chr
(125) + \"\"; f.write(\"\\makeatletter\" + macro + \"\\makeatother\\endinput\n 
\"); f.close();")...executed.


(./report.mintedmd5)
runsystem(pygmentize -l python -f latex -P commandprefix=PYG -F tokenmerge -o "
_minted-report/57262ca85b5a1b2f31879bc044b0c99971334559.pygtex" "report.pyg" ).
..executed.


(./_minted-report/57262ca85b5a1b2f31879bc044b0c99971334559.pygtex)
File: figures/figure1.png Graphic file (type QTm)

<use  "figures/figure1.png" >
Overfull \hbox (0.56532pt too wide) in paragraph at lines 233--235
 [][] 
 []


Overfull \hbox (41.39832pt too wide) in paragraph at lines 228--240
[]$[]$ 
 []

[3]
\openout6 = `report.pyg'.

\openout8 = `report.mintedcmd'.

runsystem(python -c "import hashlib; hasher = hashlib.sha1(); f = open(\"report
.mintedcmd\", \"rb\"); hasher.update(f.read()); f.close(); f = open(\"report.py
g\", \"rb\"); hasher.update(f.read()); f.close(); f = open(\"report.mintedmd5\"
, \"w\"); macro = \"\\edef\\minted@hash\" + chr(123) + hasher.hexdigest() + chr
(125) + \"\"; f.write(\"\\makeatletter\" + macro + \"\\makeatother\\endinput\n 
\"); f.close();")...executed.

 (./report.mintedmd5)
runsystem(pygmentize -l sql -f latex -P commandprefix=PYG -F tokenmerge -o "_mi
nted-report/110ae1306a7cf3cbdae957c167987c817800bdb3.pygtex" "report.pyg" )...e
xecuted.


(./_minted-report/110ae1306a7cf3cbdae957c167987c817800bdb3.pygtex)
File: figures/figure2.png Graphic file (type QTm)

<use  "figures/figure2.png" >
Overfull \hbox (41.39832pt too wide) in paragraph at lines 262--270
[]$[]$ 
 []

[4]
\openout6 = `report.pyg'.

\openout8 = `report.mintedcmd'.

runsystem(python -c "import hashlib; hasher = hashlib.sha1(); f = open(\"report
.mintedcmd\", \"rb\"); hasher.update(f.read()); f.close(); f = open(\"report.py
g\", \"rb\"); hasher.update(f.read()); f.close(); f = open(\"report.mintedmd5\"
, \"w\"); macro = \"\\edef\\minted@hash\" + chr(123) + hasher.hexdigest() + chr
(125) + \"\"; f.write(\"\\makeatletter\" + macro + \"\\makeatother\\endinput\n 
\"); f.close();")...executed.

 (./report.mintedmd5)
runsystem(pygmentize -l bash -f latex -P commandprefix=PYG -F tokenmerge -o "_m
inted-report/b6d4551c2480f4af9c41c06c5c55a770cd25c85e.pygtex" "report.pyg" )...
executed.


(./_minted-report/b6d4551c2480f4af9c41c06c5c55a770cd25c85e.pygtex)
File: figures/figure3.png Graphic file (type QTm)

<use  "figures/figure3.png" >
Overfull \hbox (2.84885pt too wide) in paragraph at lines 328--329
[][] 
 []

[5]
File: figures/figure4.png Graphic file (type QTm)
 <use  "figures/figure4.png" >
Overfull \hbox (2.84885pt too wide) in paragraph at lines 343--344
[][] 
 []

File: figures/figure5.png Graphic file (type QTm)
<use  "figures/figure5.png" >
Overfull \hbox (2.8524pt too wide) in paragraph at lines 358--359
[][] 
 []

[6]
File: figures/figure7.png Graphic file (type QTm)
 <use  "figures/figure7.png" >
Overfull \hbox (2.8524pt too wide) in paragraph at lines 374--375
[][] 
 []

File: figures/figure8.png Graphic file (type QTm)
<use  "figures/figure8.png" >
Overfull \hbox (2.8524pt too wide) in paragraph at lines 388--389
[][] 
 []

[7]
File: figures/figure9.png Graphic file (type QTm)
 <use  "figures/figure9.png" >
Overfull \hbox (2.8524pt too wide) in paragraph at lines 400--401
 [][] 
 []

File: figures/figure10.png Graphic file (type QTm)
<use  "figures/figure10.png" >
Overfull \hbox (2.8524pt too wide) in paragraph at lines 417--419
 [][] 
 []

[8]
File: figures/figure11.png Graphic file (type QTm)
 <use  "figures/figure11.png" >
Overfull \hbox (2.8524pt too wide) in paragraph at lines 437--439
 [][] 
 []

[9]
File: figures/figure12.png Graphic file (type QTm)
 <use  "figures/figure12.png" >
File: figures/figure13.png Graphic file (type QTm)
 <use  "figures/figure13.png" >
Overfull \hbox (2.8524pt too wide) in paragraph at lines 469--471
 [][] 
 []

[10]
File: figures/figure14.png Graphic file (type QTm)
 <use  "figures/figure14.png" >
Overfull \hbox (2.8524pt too wide) in paragraph at lines 485--487
 [][] 
 []

File: figures/figure15.png Graphic file (type QTm)
<use  "figures/figure15.png" >
Overfull \hbox (2.8524pt too wide) in paragraph at lines 500--502
 [][] 
 []

[11]
File: figures/figure16.png Graphic file (type QTm)
 <use  "figures/figure16.png" >
File: figures/figure17.png Graphic file (type QTm)
 <use  "figures/figure17.png" > [12]
File: figures/figure18.png Graphic file (type QTm)

<use  "figures/figure18.png" >
Overfull \hbox (2.84477pt too wide) in paragraph at lines 557--559
 [][] 
 []

[13]
File: figures/figure20.png Graphic file (type QTm)
 <use  "figures/figure20.png" > [14]
File: figures/figure21.png Graphic file (type QTm)
 <use  "figures/figure21.png" >
Overfull \hbox (2.8524pt too wide) in paragraph at lines 653--654
 [][] 
 []

[15]
File: figures/figure22.png Graphic file (type QTm)
 <use  "figures/figure22.png" >
Overfull \hbox (2.8524pt too wide) in paragraph at lines 680--682
 [][] 
 []

File: figures/figure23.png Graphic file (type QTm)
<use  "figures/figure23.png" >
Overfull \hbox (2.8524pt too wide) in paragraph at lines 698--699
 [][] 
 []

[16]
File: figures/figure24.png Graphic file (type QTm)
 <use  "figures/figure24.png" >
Overfull \hbox (2.8524pt too wide) in paragraph at lines 721--722
 [][] 
 []

[17]
File: figures/figure25.png Graphic file (type QTm)
 <use  "figures/figure25.png" >
Overfull \hbox (2.8524pt too wide) in paragraph at lines 739--740
 [][] 
 []

File: figures/figure26.png Graphic file (type QTm)
<use  "figures/figure26.png" >
Overfull \hbox (2.8524pt too wide) in paragraph at lines 754--755
 [][] 
 []

[18]
File: figures/figure27.png Graphic file (type QTm)
 <use  "figures/figure27.png" >
Overfull \hbox (2.8524pt too wide) in paragraph at lines 773--774
 [][] 
 []

[19]
File: figures/figure28.png Graphic file (type QTm)
 <use  "figures/figure28.png" >
Overfull \hbox (2.8524pt too wide) in paragraph at lines 812--814
 [][] 
 []

File: figures/figure29.png Graphic file (type QTm)
<use  "figures/figure29.png" >
Overfull \hbox (2.8524pt too wide) in paragraph at lines 830--832
 [][] 
 []

[20]
File: figures/figure30.png Graphic file (type QTm)
 <use  "figures/figure30.png" >
Overfull \hbox (2.8524pt too wide) in paragraph at lines 845--847
 [][] 
 []

[21]
File: figures/figure31.png Graphic file (type QTm)
 <use  "figures/figure31.png" >
Overfull \hbox (2.8524pt too wide) in paragraph at lines 868--869
 [][] 
 []

File: figures/figure32.png Graphic file (type QTm)
<use  "figures/figure32.png" >
Overfull \hbox (2.8524pt too wide) in paragraph at lines 893--894
 [][] 
 []

[22]
File: figures/figure33.png Graphic file (type QTm)
 <use  "figures/figure33.png" >
Overfull \hbox (2.8524pt too wide) in paragraph at lines 912--914
 [][] 
 []

File: figures/figure34.png Graphic file (type QTm)
<use  "figures/figure34.png" >
Overfull \hbox (2.8524pt too wide) in paragraph at lines 928--930
 [][] 
 []

[23] [24]
\openout6 = `report.pyg'.

\openout8 = `report.mintedcmd'.

runsystem(python -c "import hashlib; hasher = hashlib.sha1(); f = open(\"report
.mintedcmd\", \"rb\"); hasher.update(f.read()); f.close(); f = open(\"report.py
g\", \"rb\"); hasher.update(f.read()); f.close(); f = open(\"report.mintedmd5\"
, \"w\"); macro = \"\\edef\\minted@hash\" + chr(123) + hasher.hexdigest() + chr
(125) + \"\"; f.write(\"\\makeatletter\" + macro + \"\\makeatother\\endinput\n 
\"); f.close();")...executed.

 (./report.mintedmd5)
runsystem(pygmentize -l python -f latex -P commandprefix=PYG -F tokenmerge -o "
_minted-report/4a82f3feae0faaa30343ca292a86d98b3a1ff510.pygtex" "report.pyg" ).
..executed.


(./_minted-report/4a82f3feae0faaa30343ca292a86d98b3a1ff510.pygtex)
\openout6 = `report.pyg'.

\openout8 = `report.mintedcmd'.

runsystem(python -c "import hashlib; hasher = hashlib.sha1(); f = open(\"report
.mintedcmd\", \"rb\"); hasher.update(f.read()); f.close(); f = open(\"report.py
g\", \"rb\"); hasher.update(f.read()); f.close(); f = open(\"report.mintedmd5\"
, \"w\"); macro = \"\\edef\\minted@hash\" + chr(123) + hasher.hexdigest() + chr
(125) + \"\"; f.write(\"\\makeatletter\" + macro + \"\\makeatother\\endinput\n 
\"); f.close();")...executed.


(./report.mintedmd5)
runsystem(pygmentize -l python -f latex -P commandprefix=PYG -F tokenmerge -o "
_minted-report/b5898666740da08cdae76a9ab1c9048fc7f4b660.pygtex" "report.pyg" ).
..executed.


(./_minted-report/b5898666740da08cdae76a9ab1c9048fc7f4b660.pygtex) [25]
\openout6 = `report.pyg'.

\openout8 = `report.mintedcmd'.

runsystem(python -c "import hashlib; hasher = hashlib.sha1(); f = open(\"report
.mintedcmd\", \"rb\"); hasher.update(f.read()); f.close(); f = open(\"report.py
g\", \"rb\"); hasher.update(f.read()); f.close(); f = open(\"report.mintedmd5\"
, \"w\"); macro = \"\\edef\\minted@hash\" + chr(123) + hasher.hexdigest() + chr
(125) + \"\"; f.write(\"\\makeatletter\" + macro + \"\\makeatother\\endinput\n 
\"); f.close();")...executed.


(./report.mintedmd5)
runsystem(pygmentize -l python -f latex -P commandprefix=PYG -F tokenmerge -o "
_minted-report/63204f406dc3a57cd678e927da849b39949bf245.pygtex" "report.pyg" ).
..executed.


(./_minted-report/63204f406dc3a57cd678e927da849b39949bf245.pygtex)
\openout6 = `report.pyg'.

\openout8 = `report.mintedcmd'.

runsystem(python -c "import hashlib; hasher = hashlib.sha1(); f = open(\"report
.mintedcmd\", \"rb\"); hasher.update(f.read()); f.close(); f = open(\"report.py
g\", \"rb\"); hasher.update(f.read()); f.close(); f = open(\"report.mintedmd5\"
, \"w\"); macro = \"\\edef\\minted@hash\" + chr(123) + hasher.hexdigest() + chr
(125) + \"\"; f.write(\"\\makeatletter\" + macro + \"\\makeatother\\endinput\n 
\"); f.close();")...executed.


(./report.mintedmd5)
runsystem(pygmentize -l python -f latex -P commandprefix=PYG -F tokenmerge -o "
_minted-report/0a7b3c41130068b60af4fed528ec387d7f2d27bf.pygtex" "report.pyg" ).
..executed.


(./_minted-report/0a7b3c41130068b60af4fed528ec387d7f2d27bf.pygtex) [26]
\openout6 = `report.pyg'.

\openout8 = `report.mintedcmd'.

runsystem(python -c "import hashlib; hasher = hashlib.sha1(); f = open(\"report
.mintedcmd\", \"rb\"); hasher.update(f.read()); f.close(); f = open(\"report.py
g\", \"rb\"); hasher.update(f.read()); f.close(); f = open(\"report.mintedmd5\"
, \"w\"); macro = \"\\edef\\minted@hash\" + chr(123) + hasher.hexdigest() + chr
(125) + \"\"; f.write(\"\\makeatletter\" + macro + \"\\makeatother\\endinput\n 
\"); f.close();")...executed.


(./report.mintedmd5)
runsystem(pygmentize -l python -f latex -P commandprefix=PYG -F tokenmerge -o "
_minted-report/cf271c37670dbfe6e1d61f7d182c4bf71770388c.pygtex" "report.pyg" ).
..executed.


(./_minted-report/cf271c37670dbfe6e1d61f7d182c4bf71770388c.pygtex)
\openout6 = `report.pyg'.

\openout8 = `report.mintedcmd'.

runsystem(python -c "import hashlib; hasher = hashlib.sha1(); f = open(\"report
.mintedcmd\", \"rb\"); hasher.update(f.read()); f.close(); f = open(\"report.py
g\", \"rb\"); hasher.update(f.read()); f.close(); f = open(\"report.mintedmd5\"
, \"w\"); macro = \"\\edef\\minted@hash\" + chr(123) + hasher.hexdigest() + chr
(125) + \"\"; f.write(\"\\makeatletter\" + macro + \"\\makeatother\\endinput\n 
\"); f.close();")...executed.


(./report.mintedmd5)
runsystem(pygmentize -l bash -f latex -P commandprefix=PYG -F tokenmerge -o "_m
inted-report/99c532784139d298780a9621ba068e6d56e3c380.pygtex" "report.pyg" )...
executed.


(./_minted-report/99c532784139d298780a9621ba068e6d56e3c380.pygtex)
\openout6 = `report.pyg'.

\openout8 = `report.mintedcmd'.

runsystem(python -c "import hashlib; hasher = hashlib.sha1(); f = open(\"report
.mintedcmd\", \"rb\"); hasher.update(f.read()); f.close(); f = open(\"report.py
g\", \"rb\"); hasher.update(f.read()); f.close(); f = open(\"report.mintedmd5\"
, \"w\"); macro = \"\\edef\\minted@hash\" + chr(123) + hasher.hexdigest() + chr
(125) + \"\"; f.write(\"\\makeatletter\" + macro + \"\\makeatother\\endinput\n 
\"); f.close();")...executed.


(./report.mintedmd5)
runsystem(pygmentize -l python -f latex -P commandprefix=PYG -F tokenmerge -o "
_minted-report/0fe193e92bfd620e2d8d30876e142189576aa74c.pygtex" "report.pyg" ).
..executed.


(./_minted-report/0fe193e92bfd620e2d8d30876e142189576aa74c.pygtex) [27]
\openout6 = `report.pyg'.

\openout8 = `report.mintedcmd'.

runsystem(python -c "import hashlib; hasher = hashlib.sha1(); f = open(\"report
.mintedcmd\", \"rb\"); hasher.update(f.read()); f.close(); f = open(\"report.py
g\", \"rb\"); hasher.update(f.read()); f.close(); f = open(\"report.mintedmd5\"
, \"w\"); macro = \"\\edef\\minted@hash\" + chr(123) + hasher.hexdigest() + chr
(125) + \"\"; f.write(\"\\makeatletter\" + macro + \"\\makeatother\\endinput\n 
\"); f.close();")...executed.


(./report.mintedmd5)
runsystem(pygmentize -l python -f latex -P commandprefix=PYG -F tokenmerge -o "
_minted-report/8451769de8b734c4e5ea2f3c5e8469b46f9065b7.pygtex" "report.pyg" ).
..executed.


(./_minted-report/8451769de8b734c4e5ea2f3c5e8469b46f9065b7.pygtex)
\openout6 = `report.pyg'.

\openout8 = `report.mintedcmd'.

runsystem(python -c "import hashlib; hasher = hashlib.sha1(); f = open(\"report
.mintedcmd\", \"rb\"); hasher.update(f.read()); f.close(); f = open(\"report.py
g\", \"rb\"); hasher.update(f.read()); f.close(); f = open(\"report.mintedmd5\"
, \"w\"); macro = \"\\edef\\minted@hash\" + chr(123) + hasher.hexdigest() + chr
(125) + \"\"; f.write(\"\\makeatletter\" + macro + \"\\makeatother\\endinput\n 
\"); f.close();")...executed.


(./report.mintedmd5)
runsystem(pygmentize -l bash -f latex -P commandprefix=PYG -F tokenmerge -o "_m
inted-report/0e7b18010fd86113c662736cdb944cd9568fa87a.pygtex" "report.pyg" )...
executed.


(./_minted-report/0e7b18010fd86113c662736cdb944cd9568fa87a.pygtex) [28]
\openout6 = `report.pyg'.

\openout8 = `report.mintedcmd'.

runsystem(python -c "import hashlib; hasher = hashlib.sha1(); f = open(\"report
.mintedcmd\", \"rb\"); hasher.update(f.read()); f.close(); f = open(\"report.py
g\", \"rb\"); hasher.update(f.read()); f.close(); f = open(\"report.mintedmd5\"
, \"w\"); macro = \"\\edef\\minted@hash\" + chr(123) + hasher.hexdigest() + chr
(125) + \"\"; f.write(\"\\makeatletter\" + macro + \"\\makeatother\\endinput\n 
\"); f.close();")...executed.


(./report.mintedmd5)
runsystem(pygmentize -l python -f latex -P commandprefix=PYG -F tokenmerge -o "
_minted-report/041220d24f00b33e756fe1d88d13d1861ae3c372.pygtex" "report.pyg" ).
..executed.


(./_minted-report/041220d24f00b33e756fe1d88d13d1861ae3c372.pygtex)
runsystem(rm "report.mintedcmd")...executed.

runsystem(rm "report.mintedmd5")...executed.

runsystem(rm "report.pyg")...executed.

 [29]
Package atveryend Info: Empty hook `BeforeClearDocument' on input line 1259.
Package atveryend Info: Empty hook `AfterLastShipout' on input line 1259.

(./report.aux)
Package atveryend Info: Empty hook `AtVeryEndDocument' on input line 1259.
Package atveryend Info: Empty hook `AtEndAfterFileList' on input line 1259.


LaTeX Warning: Label(s) may have changed. Rerun to get cross-references right.

 ) 
Here is how much of TeX's memory you used:
 34454 strings out of 493638
 665572 string characters out of 6146797
 723497 words of memory out of 5000000
 37353 multiletter control sequences out of 15000+600000
 13997 words of font info for 52 fonts, out of 8000000 for 9000
 1328 hyphenation exceptions out of 8191
 54i,11n,73p,10434b,795s stack positions out of 5000i,500n,10000p,200000b,80000s

Output written on report.pdf (29 pages).
